<?xml version="1.0" encoding="UTF-8"?>
<!-- Generated by org.testng.reporters.JUnitXMLReporter -->
<testsuite ignored="0" hostname="Mubin" failures="1" tests="1" name="FireFoxTest" time="0.014" errors="0" timestamp="2023-01-25T22:48:14 IST">
  <testcase classname="testNGpack.TestValidLogin2" name="method1" time="0.007">
    <failure type="java.lang.IllegalStateException" message="The driver executable must exist: C:\Users\mubin\OneDrive\Desktop\wcsa4workspace\wcsa4selinium project\.\drivers\chromdriver.exe">
      <![CDATA[java.lang.IllegalStateException: The driver executable must exist: C:\Users\mubin\OneDrive\Desktop\wcsa4workspace\wcsa4selinium project\.\drivers\chromdriver.exe
at org.openqa.selenium.internal.Require$FileStateChecker.isFile(Require.java:345)
at org.openqa.selenium.remote.service.DriverService.checkExecutable(DriverService.java:160)
at org.openqa.selenium.remote.service.DriverService.findExecutable(DriverService.java:155)
at org.openqa.selenium.chrome.ChromeDriverService.access$000(ChromeDriverService.java:39)
at org.openqa.selenium.chrome.ChromeDriverService$Builder.findDefaultExecutable(ChromeDriverService.java:233)
at org.openqa.selenium.remote.service.DriverService$Builder.build(DriverService.java:450)
at org.openqa.selenium.chrome.ChromeDriverService.createDefaultService(ChromeDriverService.java:128)
at org.openqa.selenium.chrome.ChromeDriver.<init>(ChromeDriver.java:49)
at testNGpack.TestValidLogin2.method1(TestValidLogin2.java:26)
at java.base/java.util.ArrayList.forEach(ArrayList.java:1511)
... Removed 27 stack frames]]>
    </failure>
  </testcase> <!-- method1 -->
</testsuite> <!-- FireFoxTest -->
