<?xml version="1.0" encoding="UTF-8"?>
<!-- Generated by org.testng.reporters.JUnitXMLReporter -->
<testsuite ignored="0" hostname="Mubin" failures="1" tests="1" name="Test2" time="0.007" errors="0" timestamp="2023-01-26T00:32:42 IST">
  <testcase classname="testNGpack.SelectBrowser" name="openBrowser" time="0.0">
    <failure type="org.testng.TestNGException" message="
Parameter &amp;apos;browservalue&amp;apos; is required by @Test on method openBrowser but has not been marked @Optional or defined
in C:\Users\mubin\OneDrive\Desktop\wcsa4workspace\wcsa4selinium project\testngreadBrowserValue.xml">
      <![CDATA[org.testng.TestNGException: 
Parameter 'browservalue' is required by @Test on method openBrowser but has not been marked @Optional or defined
in C:\Users\mubin\OneDrive\Desktop\wcsa4workspace\wcsa4selinium project\testngreadBrowserValue.xml
at java.base/java.util.ArrayList.forEach(ArrayList.java:1511)
... Removed 26 stack frames]]>
    </failure>
  </testcase> <!-- openBrowser -->
</testsuite> <!-- Test2 -->
